[0.419s] DEBUG:colcon:Command line arguments: ['/usr/bin/colcon', 'list', '-p', '--base-paths', '/home/banana-killer/unitree_workspaces_and_repos/unitree_h1_teleoperation_ws/src', '--log-base', '/dev/null']
[0.419s] DEBUG:colcon:Parsed command line arguments: Namespace(allow_overriding=[], base_paths=['/home/banana-killer/unitree_workspaces_and_repos/unitree_h1_teleoperation_ws/src', '--log-base', '/dev/null'], build_base='build', ignore_user_meta=False, log_base=None, log_level=None, main=<bound method ListVerb.main of <colcon_package_information.verb.list.ListVerb object at 0x7ff8e31acdc0>>, metas=['./colcon.meta'], mixin=None, mixin_files=None, mixin_verb=('list',), names_only=False, packages_above=None, packages_above_and_dependencies=None, packages_above_depth=None, packages_end=None, packages_ignore=None, packages_ignore_regex=None, packages_select=None, packages_select_build_failed=False, packages_select_by_dep=None, packages_select_regex=None, packages_select_test_failures=False, packages_skip=None, packages_skip_build_finished=False, packages_skip_by_dep=None, packages_skip_regex=None, packages_skip_test_passed=False, packages_skip_up_to=None, packages_start=None, packages_up_to=None, packages_up_to_regex=None, paths=None, paths_only=True, topological_graph=False, topological_graph_density=False, topological_graph_dot=False, topological_graph_dot_cluster=False, topological_graph_dot_include_skipped=False, topological_graph_legend=False, topological_order=False, verb_extension=<colcon_package_information.verb.list.ListVerb object at 0x7ff8e31acdc0>, verb_name='list', verb_parser=<colcon_mixin.mixin.mixin_argument.MixinArgumentDecorator object at 0x7ff8e31baf70>)
[0.771s] Level 1:colcon.colcon_core.package_discovery:discover_packages(colcon_meta) check parameters
[0.772s] Level 1:colcon.colcon_core.package_discovery:discover_packages(recursive) check parameters
[0.772s] Level 1:colcon.colcon_core.package_discovery:discover_packages(ignore) check parameters
[0.772s] Level 1:colcon.colcon_core.package_discovery:discover_packages(path) check parameters
[0.772s] Level 1:colcon.colcon_core.package_discovery:discover_packages(recursive) discover
[0.772s] INFO:colcon.colcon_core.package_discovery:Crawling recursively for packages in '/home/banana-killer/unitree_workspaces_and_repos/unitree_h1_teleoperation_ws/src', '/home/banana-killer/unitree_workspaces_and_repos/unitree_h1_teleoperation_ws/src/--log-base', '/dev/null'
[0.773s] Level 1:colcon.colcon_core.package_identification:_identify(/home/banana-killer/unitree_workspaces_and_repos/unitree_h1_teleoperation_ws/src) by extensions ['ignore', 'ignore_ament_install']
[0.773s] Level 1:colcon.colcon_core.package_identification:_identify(/home/banana-killer/unitree_workspaces_and_repos/unitree_h1_teleoperation_ws/src) by extension 'ignore'
[0.773s] Level 1:colcon.colcon_core.package_identification:_identify(/home/banana-killer/unitree_workspaces_and_repos/unitree_h1_teleoperation_ws/src) by extension 'ignore_ament_install'
[0.773s] Level 1:colcon.colcon_core.package_identification:_identify(/home/banana-killer/unitree_workspaces_and_repos/unitree_h1_teleoperation_ws/src) by extensions ['colcon_pkg']
[0.773s] Level 1:colcon.colcon_core.package_identification:_identify(/home/banana-killer/unitree_workspaces_and_repos/unitree_h1_teleoperation_ws/src) by extension 'colcon_pkg'
[0.773s] Level 1:colcon.colcon_core.package_identification:_identify(/home/banana-killer/unitree_workspaces_and_repos/unitree_h1_teleoperation_ws/src) by extensions ['colcon_meta']
[0.773s] Level 1:colcon.colcon_core.package_identification:_identify(/home/banana-killer/unitree_workspaces_and_repos/unitree_h1_teleoperation_ws/src) by extension 'colcon_meta'
[0.774s] Level 1:colcon.colcon_core.package_identification:_identify(/home/banana-killer/unitree_workspaces_and_repos/unitree_h1_teleoperation_ws/src) by extensions ['ros']
[0.774s] Level 1:colcon.colcon_core.package_identification:_identify(/home/banana-killer/unitree_workspaces_and_repos/unitree_h1_teleoperation_ws/src) by extension 'ros'
[0.798s] Level 1:colcon.colcon_core.package_identification:_identify(/home/banana-killer/unitree_workspaces_and_repos/unitree_h1_teleoperation_ws/src) by extensions ['cmake', 'python']
[0.799s] Level 1:colcon.colcon_core.package_identification:_identify(/home/banana-killer/unitree_workspaces_and_repos/unitree_h1_teleoperation_ws/src) by extension 'cmake'
[0.799s] Level 1:colcon.colcon_core.package_identification:_identify(/home/banana-killer/unitree_workspaces_and_repos/unitree_h1_teleoperation_ws/src) by extension 'python'
[0.799s] Level 1:colcon.colcon_core.package_identification:_identify(/home/banana-killer/unitree_workspaces_and_repos/unitree_h1_teleoperation_ws/src) by extensions ['python_setup_py']
[0.799s] Level 1:colcon.colcon_core.package_identification:_identify(/home/banana-killer/unitree_workspaces_and_repos/unitree_h1_teleoperation_ws/src) by extension 'python_setup_py'
[0.799s] Level 1:colcon.colcon_core.package_identification:_identify(/home/banana-killer/unitree_workspaces_and_repos/unitree_h1_teleoperation_ws/src/converter_angles_fedor_into_rad_package) by extensions ['ignore', 'ignore_ament_install']
[0.800s] Level 1:colcon.colcon_core.package_identification:_identify(/home/banana-killer/unitree_workspaces_and_repos/unitree_h1_teleoperation_ws/src/converter_angles_fedor_into_rad_package) by extension 'ignore'
[0.800s] Level 1:colcon.colcon_core.package_identification:_identify(/home/banana-killer/unitree_workspaces_and_repos/unitree_h1_teleoperation_ws/src/converter_angles_fedor_into_rad_package) by extension 'ignore_ament_install'
[0.800s] Level 1:colcon.colcon_core.package_identification:_identify(/home/banana-killer/unitree_workspaces_and_repos/unitree_h1_teleoperation_ws/src/converter_angles_fedor_into_rad_package) by extensions ['colcon_pkg']
[0.800s] Level 1:colcon.colcon_core.package_identification:_identify(/home/banana-killer/unitree_workspaces_and_repos/unitree_h1_teleoperation_ws/src/converter_angles_fedor_into_rad_package) by extension 'colcon_pkg'
[0.800s] Level 1:colcon.colcon_core.package_identification:_identify(/home/banana-killer/unitree_workspaces_and_repos/unitree_h1_teleoperation_ws/src/converter_angles_fedor_into_rad_package) by extensions ['colcon_meta']
[0.800s] Level 1:colcon.colcon_core.package_identification:_identify(/home/banana-killer/unitree_workspaces_and_repos/unitree_h1_teleoperation_ws/src/converter_angles_fedor_into_rad_package) by extension 'colcon_meta'
[0.800s] Level 1:colcon.colcon_core.package_identification:_identify(/home/banana-killer/unitree_workspaces_and_repos/unitree_h1_teleoperation_ws/src/converter_angles_fedor_into_rad_package) by extensions ['ros']
[0.800s] Level 1:colcon.colcon_core.package_identification:_identify(/home/banana-killer/unitree_workspaces_and_repos/unitree_h1_teleoperation_ws/src/converter_angles_fedor_into_rad_package) by extension 'ros'
[0.807s] DEBUG:colcon.colcon_core.package_identification:Package '/home/banana-killer/unitree_workspaces_and_repos/unitree_h1_teleoperation_ws/src/converter_angles_fedor_into_rad_package' with type 'ros.ament_python' and name 'converter_angles_fedor_into_rad_package'
[0.807s] Level 1:colcon.colcon_core.package_identification:_identify(/home/banana-killer/unitree_workspaces_and_repos/unitree_h1_teleoperation_ws/src/converter_from_fedor_to_h1_package) by extensions ['ignore', 'ignore_ament_install']
[0.808s] Level 1:colcon.colcon_core.package_identification:_identify(/home/banana-killer/unitree_workspaces_and_repos/unitree_h1_teleoperation_ws/src/converter_from_fedor_to_h1_package) by extension 'ignore'
[0.808s] Level 1:colcon.colcon_core.package_identification:_identify(/home/banana-killer/unitree_workspaces_and_repos/unitree_h1_teleoperation_ws/src/converter_from_fedor_to_h1_package) by extension 'ignore_ament_install'
[0.808s] Level 1:colcon.colcon_core.package_identification:_identify(/home/banana-killer/unitree_workspaces_and_repos/unitree_h1_teleoperation_ws/src/converter_from_fedor_to_h1_package) by extensions ['colcon_pkg']
[0.808s] Level 1:colcon.colcon_core.package_identification:_identify(/home/banana-killer/unitree_workspaces_and_repos/unitree_h1_teleoperation_ws/src/converter_from_fedor_to_h1_package) by extension 'colcon_pkg'
[0.808s] Level 1:colcon.colcon_core.package_identification:_identify(/home/banana-killer/unitree_workspaces_and_repos/unitree_h1_teleoperation_ws/src/converter_from_fedor_to_h1_package) by extensions ['colcon_meta']
[0.808s] Level 1:colcon.colcon_core.package_identification:_identify(/home/banana-killer/unitree_workspaces_and_repos/unitree_h1_teleoperation_ws/src/converter_from_fedor_to_h1_package) by extension 'colcon_meta'
[0.808s] Level 1:colcon.colcon_core.package_identification:_identify(/home/banana-killer/unitree_workspaces_and_repos/unitree_h1_teleoperation_ws/src/converter_from_fedor_to_h1_package) by extensions ['ros']
[0.808s] Level 1:colcon.colcon_core.package_identification:_identify(/home/banana-killer/unitree_workspaces_and_repos/unitree_h1_teleoperation_ws/src/converter_from_fedor_to_h1_package) by extension 'ros'
[0.810s] DEBUG:colcon.colcon_core.package_identification:Package '/home/banana-killer/unitree_workspaces_and_repos/unitree_h1_teleoperation_ws/src/converter_from_fedor_to_h1_package' with type 'ros.ament_python' and name 'converter_from_fedor_to_h1_package'
[0.810s] Level 1:colcon.colcon_core.package_identification:_identify(/home/banana-killer/unitree_workspaces_and_repos/unitree_h1_teleoperation_ws/src/extractor_package) by extensions ['ignore', 'ignore_ament_install']
[0.810s] Level 1:colcon.colcon_core.package_identification:_identify(/home/banana-killer/unitree_workspaces_and_repos/unitree_h1_teleoperation_ws/src/extractor_package) by extension 'ignore'
[0.810s] Level 1:colcon.colcon_core.package_identification:_identify(/home/banana-killer/unitree_workspaces_and_repos/unitree_h1_teleoperation_ws/src/extractor_package) by extension 'ignore_ament_install'
[0.810s] Level 1:colcon.colcon_core.package_identification:_identify(/home/banana-killer/unitree_workspaces_and_repos/unitree_h1_teleoperation_ws/src/extractor_package) by extensions ['colcon_pkg']
[0.810s] Level 1:colcon.colcon_core.package_identification:_identify(/home/banana-killer/unitree_workspaces_and_repos/unitree_h1_teleoperation_ws/src/extractor_package) by extension 'colcon_pkg'
[0.810s] Level 1:colcon.colcon_core.package_identification:_identify(/home/banana-killer/unitree_workspaces_and_repos/unitree_h1_teleoperation_ws/src/extractor_package) by extensions ['colcon_meta']
[0.811s] Level 1:colcon.colcon_core.package_identification:_identify(/home/banana-killer/unitree_workspaces_and_repos/unitree_h1_teleoperation_ws/src/extractor_package) by extension 'colcon_meta'
[0.811s] Level 1:colcon.colcon_core.package_identification:_identify(/home/banana-killer/unitree_workspaces_and_repos/unitree_h1_teleoperation_ws/src/extractor_package) by extensions ['ros']
[0.811s] Level 1:colcon.colcon_core.package_identification:_identify(/home/banana-killer/unitree_workspaces_and_repos/unitree_h1_teleoperation_ws/src/extractor_package) by extension 'ros'
[0.812s] DEBUG:colcon.colcon_core.package_identification:Package '/home/banana-killer/unitree_workspaces_and_repos/unitree_h1_teleoperation_ws/src/extractor_package' with type 'ros.ament_python' and name 'extractor_package'
[0.812s] Level 1:colcon.colcon_core.package_identification:_identify(/home/banana-killer/unitree_workspaces_and_repos/unitree_h1_teleoperation_ws/src/log) by extensions ['ignore', 'ignore_ament_install']
[0.813s] Level 1:colcon.colcon_core.package_identification:_identify(/home/banana-killer/unitree_workspaces_and_repos/unitree_h1_teleoperation_ws/src/log) by extension 'ignore'
[0.813s] Level 1:colcon.colcon_core.package_identification:_identify(/home/banana-killer/unitree_workspaces_and_repos/unitree_h1_teleoperation_ws/src/log) ignored
[0.813s] Level 1:colcon.colcon_core.package_identification:_identify(/home/banana-killer/unitree_workspaces_and_repos/unitree_h1_teleoperation_ws/src/repeater_package) by extensions ['ignore', 'ignore_ament_install']
[0.813s] Level 1:colcon.colcon_core.package_identification:_identify(/home/banana-killer/unitree_workspaces_and_repos/unitree_h1_teleoperation_ws/src/repeater_package) by extension 'ignore'
[0.813s] Level 1:colcon.colcon_core.package_identification:_identify(/home/banana-killer/unitree_workspaces_and_repos/unitree_h1_teleoperation_ws/src/repeater_package) by extension 'ignore_ament_install'
[0.813s] Level 1:colcon.colcon_core.package_identification:_identify(/home/banana-killer/unitree_workspaces_and_repos/unitree_h1_teleoperation_ws/src/repeater_package) by extensions ['colcon_pkg']
[0.813s] Level 1:colcon.colcon_core.package_identification:_identify(/home/banana-killer/unitree_workspaces_and_repos/unitree_h1_teleoperation_ws/src/repeater_package) by extension 'colcon_pkg'
[0.814s] Level 1:colcon.colcon_core.package_identification:_identify(/home/banana-killer/unitree_workspaces_and_repos/unitree_h1_teleoperation_ws/src/repeater_package) by extensions ['colcon_meta']
[0.814s] Level 1:colcon.colcon_core.package_identification:_identify(/home/banana-killer/unitree_workspaces_and_repos/unitree_h1_teleoperation_ws/src/repeater_package) by extension 'colcon_meta'
[0.814s] Level 1:colcon.colcon_core.package_identification:_identify(/home/banana-killer/unitree_workspaces_and_repos/unitree_h1_teleoperation_ws/src/repeater_package) by extensions ['ros']
[0.814s] Level 1:colcon.colcon_core.package_identification:_identify(/home/banana-killer/unitree_workspaces_and_repos/unitree_h1_teleoperation_ws/src/repeater_package) by extension 'ros'
[0.816s] DEBUG:colcon.colcon_core.package_identification:Package '/home/banana-killer/unitree_workspaces_and_repos/unitree_h1_teleoperation_ws/src/repeater_package' with type 'ros.ament_python' and name 'repeater_package'
[0.816s] Level 1:colcon.colcon_core.package_identification:_identify(/home/banana-killer/unitree_workspaces_and_repos/unitree_h1_teleoperation_ws/src/udp_listener_and_converter) by extensions ['ignore', 'ignore_ament_install']
[0.816s] Level 1:colcon.colcon_core.package_identification:_identify(/home/banana-killer/unitree_workspaces_and_repos/unitree_h1_teleoperation_ws/src/udp_listener_and_converter) by extension 'ignore'
[0.816s] Level 1:colcon.colcon_core.package_identification:_identify(/home/banana-killer/unitree_workspaces_and_repos/unitree_h1_teleoperation_ws/src/udp_listener_and_converter) by extension 'ignore_ament_install'
[0.816s] Level 1:colcon.colcon_core.package_identification:_identify(/home/banana-killer/unitree_workspaces_and_repos/unitree_h1_teleoperation_ws/src/udp_listener_and_converter) by extensions ['colcon_pkg']
[0.816s] Level 1:colcon.colcon_core.package_identification:_identify(/home/banana-killer/unitree_workspaces_and_repos/unitree_h1_teleoperation_ws/src/udp_listener_and_converter) by extension 'colcon_pkg'
[0.816s] Level 1:colcon.colcon_core.package_identification:_identify(/home/banana-killer/unitree_workspaces_and_repos/unitree_h1_teleoperation_ws/src/udp_listener_and_converter) by extensions ['colcon_meta']
[0.817s] Level 1:colcon.colcon_core.package_identification:_identify(/home/banana-killer/unitree_workspaces_and_repos/unitree_h1_teleoperation_ws/src/udp_listener_and_converter) by extension 'colcon_meta'
[0.817s] Level 1:colcon.colcon_core.package_identification:_identify(/home/banana-killer/unitree_workspaces_and_repos/unitree_h1_teleoperation_ws/src/udp_listener_and_converter) by extensions ['ros']
[0.817s] Level 1:colcon.colcon_core.package_identification:_identify(/home/banana-killer/unitree_workspaces_and_repos/unitree_h1_teleoperation_ws/src/udp_listener_and_converter) by extension 'ros'
[0.818s] DEBUG:colcon.colcon_core.package_identification:Package '/home/banana-killer/unitree_workspaces_and_repos/unitree_h1_teleoperation_ws/src/udp_listener_and_converter' with type 'ros.ament_python' and name 'udp_listener_and_converter'
[0.818s] Level 1:colcon.colcon_core.package_discovery:discover_packages(recursive) using defaults
